<?xml version="1.0" encoding="UTF-8"?>
<!-- Generated by org.testng.reporters.JUnitXMLReporter -->
<testsuite ignored="2" hostname="DESKTOP-8CID97K" failures="0" tests="1" name="Default test" time="6.759" errors="0" timestamp="2022-12-05T19:26:13 IST">
  <testcase classname="advancedfeatures.ScrollDownandUP" name="IndentifyLoacatorElement" time="3.8"/>
  <testcase classname="advancedfeatures.ScrollDownandUP" name="ScrollDown" time="0.0">
    <ignored/>
  </testcase> <!-- ScrollDown -->
  <testcase classname="advancedfeatures.ScrollDownandUP" name="ScrollUp" time="0.0">
    <ignored/>
  </testcase> <!-- ScrollUp -->
</testsuite> <!-- Default test -->
