<?xml version="1.0" encoding="UTF-8"?>
<testng-results ignored="2" total="3" passed="1" failed="0" skipped="0">
  <reporter-output>
  </reporter-output>
  <suite started-at="2022-12-05T19:26:06 IST" name="Default suite" finished-at="2022-12-05T19:26:13 IST" duration-ms="6759">
    <groups>
    </groups>
    <test started-at="2022-12-05T19:26:06 IST" name="Default test" finished-at="2022-12-05T19:26:13 IST" duration-ms="6759">
      <class name="advancedfeatures.ScrollDownandUP">
        <test-method is-config="true" signature="beforeTest()[pri:0, instance:advancedfeatures.ScrollDownandUP@506ae4d4]" started-at="2022-12-05T19:26:06 IST" name="beforeTest" finished-at="2022-12-05T19:26:09 IST" duration-ms="2882" status="PASS">
          <reporter-output>
          </reporter-output>
        </test-method> <!-- beforeTest -->
        <test-method signature="IndentifyLoacatorElement()[pri:0, instance:advancedfeatures.ScrollDownandUP@506ae4d4]" started-at="2022-12-05T19:26:09 IST" name="IndentifyLoacatorElement" finished-at="2022-12-05T19:26:13 IST" duration-ms="3800" status="PASS">
          <reporter-output>
          </reporter-output>
        </test-method> <!-- IndentifyLoacatorElement -->
      </class> <!-- advancedfeatures.ScrollDownandUP -->
    </test> <!-- Default test -->
  </suite> <!-- Default suite -->
</testng-results>
